[debug] [2025-03-30T20:24:16.493Z] ----------------------------------------------------------------------
[debug] [2025-03-30T20:24:16.496Z] Command:       C:\Program Files\nodejs\node.exe C:\Users\manis\AppData\Roaming\npm\node_modules\firebase-tools\lib\bin\firebase.js init
[debug] [2025-03-30T20:24:16.497Z] CLI Version:   14.0.1
[debug] [2025-03-30T20:24:16.497Z] Platform:      win32
[debug] [2025-03-30T20:24:16.497Z] Node Version:  v22.12.0
[debug] [2025-03-30T20:24:16.497Z] Time:          Mon Mar 31 2025 01:54:16 GMT+0530 (India Standard Time)
[debug] [2025-03-30T20:24:16.497Z] ----------------------------------------------------------------------
[debug] 
[debug] [2025-03-30T20:24:16.509Z] > command requires scopes: ["email","openid","https://www.googleapis.com/auth/cloudplatformprojects.readonly","https://www.googleapis.com/auth/firebase","https://www.googleapis.com/auth/cloud-platform"]
[debug] [2025-03-30T20:24:16.509Z] > authorizing via signed-in user (manishamera1213@gmail.com)
[info] 
     ######## #### ########  ######## ########     ###     ######  ########
     ##        ##  ##     ## ##       ##     ##  ##   ##  ##       ##
     ######    ##  ########  ######   ########  #########  ######  ######
     ##        ##  ##    ##  ##       ##     ## ##     ##       ## ##
     ##       #### ##     ## ######## ########  ##     ##  ######  ########

You're about to initialize a Firebase project in this directory:

  C:\Users\manis\OneDrive\Desktop\myproject\backend

[info] 
=== Project Setup
[info] 
[info] First, let's associate this project directory with a Firebase project.
[info] You can create multiple project aliases by running firebase use --add, 
[info] but for now we'll just set up a default project.
[info] 
[info] i  If you want to create a project in a Google Cloud organization or folder, please use "firebase projects:create" instead, and return to this command when you've created the project. 
[debug] [2025-03-30T20:25:03.578Z] Checked if tokens are valid: true, expires at: 1743369708848
[debug] [2025-03-30T20:25:03.578Z] Checked if tokens are valid: true, expires at: 1743369708848
[debug] [2025-03-30T20:25:03.580Z] >>> [apiv2][query] POST https://cloudresourcemanager.googleapis.com/v1/projects [none]
[debug] [2025-03-30T20:25:03.580Z] >>> [apiv2][body] POST https://cloudresourcemanager.googleapis.com/v1/projects {"projectId":"myproject","name":"myproject"}
[debug] [2025-03-30T20:25:05.442Z] <<< [apiv2][status] POST https://cloudresourcemanager.googleapis.com/v1/projects 409
[debug] [2025-03-30T20:25:05.443Z] <<< [apiv2][body] POST https://cloudresourcemanager.googleapis.com/v1/projects {"error":{"code":409,"message":"Requested entity already exists","status":"ALREADY_EXISTS"}}
[debug] [2025-03-30T20:25:05.614Z] FirebaseError: Request to https://cloudresourcemanager.googleapis.com/v1/projects had HTTP Error: 409, Requested entity already exists
    at responseToError (C:\Users\manis\AppData\Roaming\npm\node_modules\firebase-tools\lib\responseToError.js:52:12)
    at RetryOperation._fn (C:\Users\manis\AppData\Roaming\npm\node_modules\firebase-tools\lib\apiv2.js:312:77)
    at process.processTicksAndRejections (node:internal/process/task_queues:105:5)
[error] 
[error] Error: Failed to create project because there is already a project with ID myproject. Please try again with a unique project ID.
